<?xml version="1.0" encoding="UTF-8"?>
<testsuite xmlns:xsi="http://www.w3.org/2001/XMLSchema-instance" xsi:noNamespaceSchemaLocation="https://maven.apache.org/surefire/maven-surefire-plugin/xsd/surefire-test-report.xsd" version="3.0.2" name="com.meatmetrics.meatmetrics.auth.service.ChangePasswordServiceTest" time="37.091" tests="5" errors="0" skipped="0" failures="0">
  <properties>
[...]
</properties>
  <testcase name="changePassword_WeakNewPassword_ShouldThrowDomainException" classname="com.meatmetrics.meatmetrics.auth.service.ChangePasswordServiceTest" time="2.413">
    <system-out><![CDATA[16:15:22.164 [main] INFO org.springframework.test.context.support.AnnotationConfigContextLoaderUtils -- Could not detect default configuration classes for test class [com.meatmetrics.meatmetrics.auth.service.ChangePasswordServiceTest]: ChangePasswordServiceTest does not declare any static, non-private, non-final, nested classes annotated with @Configuration.
16:15:23.537 [main] INFO org.springframework.boot.test.context.SpringBootTestContextBootstrapper -- Found @SpringBootConfiguration com.meatmetrics.meatmetrics.MeatmetricsApplication for test class com.meatmetrics.meatmetrics.auth.service.ChangePasswordServiceTest
16:15:24.670 [main] INFO org.springframework.boot.devtools.restart.RestartApplicationListener -- Restart disabled due to context in which it is running

  .   ____          _            __ _ _
 /\\ / ___'_ __ _ _(_)_ __  __ _ \ \ \ \
( ( )\___ | '_ | '_| | '_ \/ _` | \ \ \ \
 \\/  ___)| |_)| | | | | || (_| |  ) ) ) )
  '  |____| .__|_| |_|_| |_\__, | / / / /
 =========|_|==============|___/=/_/_/_/

 :: Spring Boot ::                (v3.5.4)

2025-09-22T16:15:25.938Z  INFO 1529 --- [meatmetrics] [           main] c.m.m.a.s.ChangePasswordServiceTest      : Starting ChangePasswordServiceTest using Java 21.0.8 with PID 1529 (started by root in /app)
2025-09-22T16:15:25.940Z DEBUG 1529 --- [meatmetrics] [           main] c.m.m.a.s.ChangePasswordServiceTest      : Running with Spring Boot v3.5.4, Spring v6.2.9
2025-09-22T16:15:25.941Z  INFO 1529 --- [meatmetrics] [           main] c.m.m.a.s.ChangePasswordServiceTest      : The following 1 profile is active: "test"
2025-09-22T16:15:32.486Z  INFO 1529 --- [meatmetrics] [           main] .s.d.r.c.RepositoryConfigurationDelegate : Bootstrapping Spring Data JPA repositories in DEFAULT mode.
2025-09-22T16:15:33.341Z  INFO 1529 --- [meatmetrics] [           main] .s.d.r.c.RepositoryConfigurationDelegate : Finished Spring Data repository scanning in 804 ms. Found 1 JPA repository interface.
2025-09-22T16:15:36.810Z  INFO 1529 --- [meatmetrics] [           main] com.zaxxer.hikari.HikariDataSource       : HikariPool-1 - Starting...
2025-09-22T16:15:37.539Z  INFO 1529 --- [meatmetrics] [           main] com.zaxxer.hikari.pool.HikariPool        : HikariPool-1 - Added connection org.postgresql.jdbc.PgConnection@1d2def55
2025-09-22T16:15:37.561Z  INFO 1529 --- [meatmetrics] [           main] com.zaxxer.hikari.HikariDataSource       : HikariPool-1 - Start completed.
2025-09-22T16:15:37.773Z  INFO 1529 --- [meatmetrics] [           main] org.flywaydb.core.FlywayExecutor         : Database: jdbc:postgresql://postgres:5432/meatmetrics (PostgreSQL 16.9)
2025-09-22T16:15:38.474Z  INFO 1529 --- [meatmetrics] [           main] o.f.core.internal.command.DbValidate     : Successfully validated 14 migrations (execution time 00:00.504s)
2025-09-22T16:15:38.521Z  INFO 1529 --- [meatmetrics] [           main] o.f.core.internal.command.DbMigrate      : Current version of schema "public": 014
2025-09-22T16:15:38.528Z  INFO 1529 --- [meatmetrics] [           main] o.f.core.internal.command.DbMigrate      : Schema "public" is up to date. No migration necessary.
2025-09-22T16:15:39.248Z  INFO 1529 --- [meatmetrics] [           main] o.hibernate.jpa.internal.util.LogHelper  : HHH000204: Processing PersistenceUnitInfo [name: default]
2025-09-22T16:15:39.648Z  INFO 1529 --- [meatmetrics] [           main] org.hibernate.Version                    : HHH000412: Hibernate ORM core version 6.6.22.Final
2025-09-22T16:15:39.891Z  INFO 1529 --- [meatmetrics] [           main] o.h.c.internal.RegionFactoryInitiator    : HHH000026: Second-level cache disabled
2025-09-22T16:15:42.459Z  INFO 1529 --- [meatmetrics] [           main] o.s.o.j.p.SpringPersistenceUnitInfo      : No LoadTimeWeaver setup: ignoring JPA class transformer
2025-09-22T16:15:42.777Z  WARN 1529 --- [meatmetrics] [           main] org.hibernate.orm.deprecation            : HHH90000025: PostgreSQLDialect does not need to be specified explicitly using 'hibernate.dialect' (remove the property setting and it will be selected by default)
2025-09-22T16:15:42.858Z  INFO 1529 --- [meatmetrics] [           main] org.hibernate.orm.connections.pooling    : HHH10001005: Database info:
	Database JDBC URL [Connecting through datasource 'HikariDataSource (HikariPool-1)']
	Database driver: undefined/unknown
	Database version: 16.9
	Autocommit mode: undefined/unknown
	Isolation level: undefined/unknown
	Minimum pool size: undefined/unknown
	Maximum pool size: undefined/unknown
2025-09-22T16:15:47.760Z  INFO 1529 --- [meatmetrics] [           main] o.h.e.t.j.p.i.JtaPlatformInitiator       : HHH000489: No JTA platform available (set 'hibernate.transaction.jta.platform' to enable JTA platform integration)
2025-09-22T16:15:47.773Z  INFO 1529 --- [meatmetrics] [           main] j.LocalContainerEntityManagerFactoryBean : Initialized JPA EntityManagerFactory for persistence unit 'default'
2025-09-22T16:15:51.920Z  INFO 1529 --- [meatmetrics] [           main] o.s.b.a.e.web.EndpointLinksResolver      : Exposing 1 endpoint beneath base path '/actuator'
2025-09-22T16:15:52.047Z  WARN 1529 --- [meatmetrics] [           main] .s.s.UserDetailsServiceAutoConfiguration : 

Using generated security password: 8713126e-7243-43d9-a001-4da2ecce1ea9

This generated password is for development use only. Your security configuration must be updated before running your application in production.

2025-09-22T16:15:53.974Z  INFO 1529 --- [meatmetrics] [           main] c.m.m.a.s.ChangePasswordServiceTest      : Started ChangePasswordServiceTest in 29.356 seconds (process running for 35.171)
2025-09-22T16:15:55.792Z DEBUG 1529 --- [meatmetrics] [           main] org.hibernate.SQL                        : 
    insert 
    into
        users
        (created_at, email, password_hash, updated_at, username) 
    values
        (?, ?, ?, ?, ?)
Hibernate: 
    insert 
    into
        users
        (created_at, email, password_hash, updated_at, username) 
    values
        (?, ?, ?, ?, ?)
]]></system-out>
    <system-err><![CDATA[Mockito is currently self-attaching to enable the inline-mock-maker. This will no longer work in future releases of the JDK. Please add Mockito as an agent to your build as described in Mockito's documentation: https://javadoc.io/doc/org.mockito/mockito-core/latest/org.mockito/org/mockito/Mockito.html#0.3
WARNING: A Java agent has been loaded dynamically (/root/.m2/repository/net/bytebuddy/byte-buddy-agent/1.17.6/byte-buddy-agent-1.17.6.jar)
WARNING: If a serviceability tool is in use, please run with -XX:+EnableDynamicAgentLoading to hide this warning
WARNING: If a serviceability tool is not in use, please run with -Djdk.instrument.traceUsage for more information
WARNING: Dynamic loading of agents will be disallowed by default in a future release
]]></system-err>
  </testcase>
  <testcase name="changePassword_ValidRequest_ShouldUpdatePassword" classname="com.meatmetrics.meatmetrics.auth.service.ChangePasswordServiceTest" time="0.719">
    <system-out><![CDATA[2025-09-22T16:15:56.776Z DEBUG 1529 --- [meatmetrics] [           main] org.hibernate.SQL                        : 
    insert 
    into
        users
        (created_at, email, password_hash, updated_at, username) 
    values
        (?, ?, ?, ?, ?)
Hibernate: 
    insert 
    into
        users
        (created_at, email, password_hash, updated_at, username) 
    values
        (?, ?, ?, ?, ?)
]]></system-out>
  </testcase>
  <testcase name="changePassword_ValidRequest_ShouldNotChangeOtherUserProperties" classname="com.meatmetrics.meatmetrics.auth.service.ChangePasswordServiceTest" time="0.479">
    <system-out><![CDATA[2025-09-22T16:15:57.442Z DEBUG 1529 --- [meatmetrics] [           main] org.hibernate.SQL                        : 
    insert 
    into
        users
        (created_at, email, password_hash, updated_at, username) 
    values
        (?, ?, ?, ?, ?)
Hibernate: 
    insert 
    into
        users
        (created_at, email, password_hash, updated_at, username) 
    values
        (?, ?, ?, ?, ?)
]]></system-out>
  </testcase>
  <testcase name="changePassword_WrongCurrentPassword_ShouldThrowAuthenticationException" classname="com.meatmetrics.meatmetrics.auth.service.ChangePasswordServiceTest" time="0.232">
    <system-out><![CDATA[2025-09-22T16:15:57.935Z DEBUG 1529 --- [meatmetrics] [           main] org.hibernate.SQL                        : 
    insert 
    into
        users
        (created_at, email, password_hash, updated_at, username) 
    values
        (?, ?, ?, ?, ?)
Hibernate: 
    insert 
    into
        users
        (created_at, email, password_hash, updated_at, username) 
    values
        (?, ?, ?, ?, ?)
]]></system-out>
  </testcase>
  <testcase name="changePassword_UserNotFound_ShouldThrowNoSuchElementException" classname="com.meatmetrics.meatmetrics.auth.service.ChangePasswordServiceTest" time="0.243">
    <system-out><![CDATA[2025-09-22T16:15:58.174Z DEBUG 1529 --- [meatmetrics] [           main] org.hibernate.SQL                        : 
    insert 
    into
        users
        (created_at, email, password_hash, updated_at, username) 
    values
        (?, ?, ?, ?, ?)
Hibernate: 
    insert 
    into
        users
        (created_at, email, password_hash, updated_at, username) 
    values
        (?, ?, ?, ?, ?)
2025-09-22T16:15:58.244Z DEBUG 1529 --- [meatmetrics] [           main] org.hibernate.SQL                        : 
    select
        ue1_0.id,
        ue1_0.created_at,
        ue1_0.email,
        ue1_0.password_hash,
        ue1_0.updated_at,
        ue1_0.username 
    from
        users ue1_0 
    where
        ue1_0.id=?
Hibernate: 
    select
        ue1_0.id,
        ue1_0.created_at,
        ue1_0.email,
        ue1_0.password_hash,
        ue1_0.updated_at,
        ue1_0.username 
    from
        users ue1_0 
    where
        ue1_0.id=?
]]></system-out>
  </testcase>
</testsuite>