<?xml version="1.0" encoding="UTF-8"?>
<testsuite xmlns:xsi="http://www.w3.org/2001/XMLSchema-instance" xsi:noNamespaceSchemaLocation="https://maven.apache.org/surefire/maven-surefire-plugin/xsd/surefire-test-report.xsd" version="3.0.2" name="com.meatmetrics.meatmetrics.infrastructure.persistence.user.UserRepositoryJpaImplContainerIntegrationTest" time="37.778" tests="8" errors="0" skipped="0" failures="0">
  <properties>
[...]
</properties>
  <testcase name="findByEmail_ExistingUser_ReturnsUser" classname="com.meatmetrics.meatmetrics.infrastructure.persistence.user.UserRepositoryJpaImplContainerIntegrationTest" time="1.694">
    <system-out><![CDATA[15:26:03.779 [main] INFO org.springframework.test.context.support.AnnotationConfigContextLoaderUtils -- Could not detect default configuration classes for test class [com.meatmetrics.meatmetrics.infrastructure.persistence.user.UserRepositoryJpaImplContainerIntegrationTest]: UserRepositoryJpaImplContainerIntegrationTest does not declare any static, non-private, non-final, nested classes annotated with @Configuration.
15:26:04.322 [main] INFO org.springframework.boot.test.context.SpringBootTestContextBootstrapper -- Found @SpringBootConfiguration com.meatmetrics.meatmetrics.MeatmetricsApplication for test class com.meatmetrics.meatmetrics.infrastructure.persistence.user.UserRepositoryJpaImplContainerIntegrationTest
15:26:04.679 [main] INFO org.springframework.boot.devtools.restart.RestartApplicationListener -- Restart disabled due to context in which it is running

  .   ____          _            __ _ _
 /\\ / ___'_ __ _ _(_)_ __  __ _ \ \ \ \
( ( )\___ | '_ | '_| | '_ \/ _` | \ \ \ \
 \\/  ___)| |_)| | | | | || (_| |  ) ) ) )
  '  |____| .__|_| |_|_| |_\__, | / / / /
 =========|_|==============|___/=/_/_/_/

 :: Spring Boot ::                (v3.5.4)

2025-09-22T15:26:06.655Z  INFO 379 --- [meatmetrics] [           main] epositoryJpaImplContainerIntegrationTest : Starting UserRepositoryJpaImplContainerIntegrationTest using Java 21.0.8 with PID 379 (started by root in /app)
2025-09-22T15:26:06.660Z DEBUG 379 --- [meatmetrics] [           main] epositoryJpaImplContainerIntegrationTest : Running with Spring Boot v3.5.4, Spring v6.2.9
2025-09-22T15:26:06.661Z  INFO 379 --- [meatmetrics] [           main] epositoryJpaImplContainerIntegrationTest : The following 1 profile is active: "dev"
2025-09-22T15:26:06.893Z DEBUG 379 --- [meatmetrics] [           main] o.s.w.c.s.GenericWebApplicationContext   : Refreshing org.springframework.web.context.support.GenericWebApplicationContext@16bbaab3
2025-09-22T15:26:14.034Z  INFO 379 --- [meatmetrics] [           main] .s.d.r.c.RepositoryConfigurationDelegate : Bootstrapping Spring Data JPA repositories in DEFAULT mode.
2025-09-22T15:26:15.187Z  INFO 379 --- [meatmetrics] [           main] .s.d.r.c.RepositoryConfigurationDelegate : Finished Spring Data repository scanning in 1069 ms. Found 1 JPA repository interface.
2025-09-22T15:26:18.850Z  INFO 379 --- [meatmetrics] [           main] com.zaxxer.hikari.HikariDataSource       : HikariPool-1 - Starting...
2025-09-22T15:26:19.588Z  INFO 379 --- [meatmetrics] [           main] com.zaxxer.hikari.pool.HikariPool        : HikariPool-1 - Added connection org.postgresql.jdbc.PgConnection@10f384a2
2025-09-22T15:26:19.600Z  INFO 379 --- [meatmetrics] [           main] com.zaxxer.hikari.HikariDataSource       : HikariPool-1 - Start completed.
2025-09-22T15:26:19.729Z  INFO 379 --- [meatmetrics] [           main] org.flywaydb.core.FlywayExecutor         : Database: jdbc:postgresql://postgres:5432/meatmetrics (PostgreSQL 16.9)
2025-09-22T15:26:20.453Z  INFO 379 --- [meatmetrics] [           main] o.f.core.internal.command.DbValidate     : Successfully validated 14 migrations (execution time 00:00.555s)
2025-09-22T15:26:20.512Z  INFO 379 --- [meatmetrics] [           main] o.f.core.internal.command.DbMigrate      : Current version of schema "public": 014
2025-09-22T15:26:20.523Z  INFO 379 --- [meatmetrics] [           main] o.f.core.internal.command.DbMigrate      : Schema "public" is up to date. No migration necessary.
2025-09-22T15:26:21.390Z  INFO 379 --- [meatmetrics] [           main] o.hibernate.jpa.internal.util.LogHelper  : HHH000204: Processing PersistenceUnitInfo [name: default]
2025-09-22T15:26:22.009Z  INFO 379 --- [meatmetrics] [           main] org.hibernate.Version                    : HHH000412: Hibernate ORM core version 6.6.22.Final
2025-09-22T15:26:22.329Z  INFO 379 --- [meatmetrics] [           main] o.h.c.internal.RegionFactoryInitiator    : HHH000026: Second-level cache disabled
2025-09-22T15:26:23.744Z  INFO 379 --- [meatmetrics] [           main] o.s.o.j.p.SpringPersistenceUnitInfo      : No LoadTimeWeaver setup: ignoring JPA class transformer
2025-09-22T15:26:24.260Z  WARN 379 --- [meatmetrics] [           main] org.hibernate.orm.deprecation            : HHH90000025: PostgreSQLDialect does not need to be specified explicitly using 'hibernate.dialect' (remove the property setting and it will be selected by default)
2025-09-22T15:26:24.391Z  INFO 379 --- [meatmetrics] [           main] org.hibernate.orm.connections.pooling    : HHH10001005: Database info:
	Database JDBC URL [Connecting through datasource 'HikariDataSource (HikariPool-1)']
	Database driver: undefined/unknown
	Database version: 16.9
	Autocommit mode: undefined/unknown
	Isolation level: undefined/unknown
	Minimum pool size: undefined/unknown
	Maximum pool size: undefined/unknown
2025-09-22T15:26:29.546Z  INFO 379 --- [meatmetrics] [           main] o.h.e.t.j.p.i.JtaPlatformInitiator       : HHH000489: No JTA platform available (set 'hibernate.transaction.jta.platform' to enable JTA platform integration)
2025-09-22T15:26:29.565Z  INFO 379 --- [meatmetrics] [           main] j.LocalContainerEntityManagerFactoryBean : Initialized JPA EntityManagerFactory for persistence unit 'default'
2025-09-22T15:26:32.980Z DEBUG 379 --- [meatmetrics] [           main] s.w.s.m.m.a.RequestMappingHandlerMapping : 4 mappings in 'requestMappingHandlerMapping'
2025-09-22T15:26:33.955Z DEBUG 379 --- [meatmetrics] [           main] o.s.w.s.handler.SimpleUrlHandlerMapping  : Patterns [/webjars/**, /**] in 'resourceHandlerMapping'
2025-09-22T15:26:34.396Z  INFO 379 --- [meatmetrics] [           main] o.s.b.a.e.web.EndpointLinksResolver      : Exposing 1 endpoint beneath base path '/actuator'
2025-09-22T15:26:34.514Z  WARN 379 --- [meatmetrics] [           main] .s.s.UserDetailsServiceAutoConfiguration : 

Using generated security password: 66b0f262-b68e-4d17-893c-b41c8c8d2e55

This generated password is for development use only. Your security configuration must be updated before running your application in production.

2025-09-22T15:26:34.572Z  INFO 379 --- [meatmetrics] [           main] r$InitializeUserDetailsManagerConfigurer : Global AuthenticationManager configured with UserDetailsService bean with name inMemoryUserDetailsManager
2025-09-22T15:26:35.127Z DEBUG 379 --- [meatmetrics] [           main] o.s.s.web.DefaultSecurityFilterChain     : Will secure any request with filters: DisableEncodeUrlFilter, WebAsyncManagerIntegrationFilter, SecurityContextHolderFilter, HeaderWriterFilter, LogoutFilter, RequestCacheAwareFilter, SecurityContextHolderAwareRequestFilter, AnonymousAuthenticationFilter, SessionManagementFilter, ExceptionTranslationFilter, AuthorizationFilter
2025-09-22T15:26:35.740Z DEBUG 379 --- [meatmetrics] [           main] s.w.s.m.m.a.RequestMappingHandlerAdapter : ControllerAdvice beans: 0 @ModelAttribute, 0 @InitBinder, 1 RequestBodyAdvice, 1 ResponseBodyAdvice
2025-09-22T15:26:36.100Z DEBUG 379 --- [meatmetrics] [           main] .m.m.a.ExceptionHandlerExceptionResolver : ControllerAdvice beans: 1 @ExceptionHandler, 1 ResponseBodyAdvice
2025-09-22T15:26:36.920Z  INFO 379 --- [meatmetrics] [           main] epositoryJpaImplContainerIntegrationTest : Started UserRepositoryJpaImplContainerIntegrationTest in 32.328 seconds (process running for 59.137)
]]></system-out>
  </testcase>
  <testcase name="multipleUsers_SaveAndFind_WorksCorrectly" classname="com.meatmetrics.meatmetrics.infrastructure.persistence.user.UserRepositoryJpaImplContainerIntegrationTest" time="0.62"/>
  <testcase name="save_ExistingUser_UpdatesSuccessfully" classname="com.meatmetrics.meatmetrics.infrastructure.persistence.user.UserRepositoryJpaImplContainerIntegrationTest" time="0.413"/>
  <testcase name="save_NewUser_ReturnsUserWithGeneratedId" classname="com.meatmetrics.meatmetrics.infrastructure.persistence.user.UserRepositoryJpaImplContainerIntegrationTest" time="0.236"/>
  <testcase name="emailNormalization_SaveAndFind_WorksCorrectly" classname="com.meatmetrics.meatmetrics.infrastructure.persistence.user.UserRepositoryJpaImplContainerIntegrationTest" time="0.308"/>
  <testcase name="findByUsername_ExistingUser_ReturnsUser" classname="com.meatmetrics.meatmetrics.infrastructure.persistence.user.UserRepositoryJpaImplContainerIntegrationTest" time="0.295"/>
  <testcase name="findByEmail_NonExistentUser_ReturnsEmpty" classname="com.meatmetrics.meatmetrics.infrastructure.persistence.user.UserRepositoryJpaImplContainerIntegrationTest" time="0.121"/>
  <testcase name="userWithGoal_SaveAndRestore_WorksCorrectly" classname="com.meatmetrics.meatmetrics.infrastructure.persistence.user.UserRepositoryJpaImplContainerIntegrationTest" time="0.531"/>
</testsuite>