<?xml version="1.0" encoding="UTF-8"?>
<testsuite xmlns:xsi="http://www.w3.org/2001/XMLSchema-instance" xsi:noNamespaceSchemaLocation="https://maven.apache.org/surefire/maven-surefire-plugin/xsd/surefire-test-report.xsd" version="3.0.2" name="com.meatmetrics.meatmetrics.MeatmetricsApplicationTests" time="11.411" tests="1" errors="0" skipped="0" failures="0">
  <properties>
[...]
</properties>
  <testcase name="contextLoads" classname="com.meatmetrics.meatmetrics.MeatmetricsApplicationTests" time="0.609">
    <system-out><![CDATA[05:12:56.640 [main] INFO org.springframework.test.context.support.AnnotationConfigContextLoaderUtils -- Could not detect default configuration classes for test class [com.meatmetrics.meatmetrics.MeatmetricsApplicationTests]: MeatmetricsApplicationTests does not declare any static, non-private, non-final, nested classes annotated with @Configuration.
05:12:57.023 [main] INFO org.springframework.boot.test.context.SpringBootTestContextBootstrapper -- Found @SpringBootConfiguration com.meatmetrics.meatmetrics.MeatmetricsApplication for test class com.meatmetrics.meatmetrics.MeatmetricsApplicationTests
05:12:57.409 [main] INFO org.springframework.boot.devtools.restart.RestartApplicationListener -- Restart disabled due to context in which it is running

  .   ____          _            __ _ _
 /\\ / ___'_ __ _ _(_)_ __  __ _ \ \ \ \
( ( )\___ | '_ | '_| | '_ \/ _` | \ \ \ \
 \\/  ___)| |_)| | | | | || (_| |  ) ) ) )
  '  |____| .__|_| |_|_| |_\__, | / / / /
 =========|_|==============|___/=/_/_/_/

 :: Spring Boot ::                (v3.5.4)

2025-08-17T05:12:58.148+09:00  INFO 21724 --- [meatmetrics] [           main] c.m.m.MeatmetricsApplicationTests        : Starting MeatmetricsApplicationTests using Java 17.0.7 with PID 21724 (started by 81906 in C:\Users\81906\Desktop\MeatMetrics\meatmetrics\backend)
2025-08-17T05:12:58.153+09:00 DEBUG 21724 --- [meatmetrics] [           main] c.m.m.MeatmetricsApplicationTests        : Running with Spring Boot v3.5.4, Spring v6.2.9
2025-08-17T05:12:58.154+09:00  INFO 21724 --- [meatmetrics] [           main] c.m.m.MeatmetricsApplicationTests        : The following 1 profile is active: "dev"
2025-08-17T05:12:58.210+09:00 DEBUG 21724 --- [meatmetrics] [           main] o.s.w.c.s.GenericWebApplicationContext   : Refreshing org.springframework.web.context.support.GenericWebApplicationContext@47dd778
2025-08-17T05:13:00.261+09:00  INFO 21724 --- [meatmetrics] [           main] .s.d.r.c.RepositoryConfigurationDelegate : Bootstrapping Spring Data JPA repositories in DEFAULT mode.
2025-08-17T05:13:00.312+09:00  INFO 21724 --- [meatmetrics] [           main] .s.d.r.c.RepositoryConfigurationDelegate : Finished Spring Data repository scanning in 26 ms. Found 0 JPA repository interfaces.
2025-08-17T05:13:01.873+09:00  INFO 21724 --- [meatmetrics] [           main] o.hibernate.jpa.internal.util.LogHelper  : HHH000204: Processing PersistenceUnitInfo [name: default]
2025-08-17T05:13:02.082+09:00  INFO 21724 --- [meatmetrics] [           main] org.hibernate.Version                    : HHH000412: Hibernate ORM core version 6.6.22.Final
2025-08-17T05:13:02.231+09:00  INFO 21724 --- [meatmetrics] [           main] o.h.c.internal.RegionFactoryInitiator    : HHH000026: Second-level cache disabled
2025-08-17T05:13:02.776+09:00  INFO 21724 --- [meatmetrics] [           main] o.s.o.j.p.SpringPersistenceUnitInfo      : No LoadTimeWeaver setup: ignoring JPA class transformer
2025-08-17T05:13:02.818+09:00  INFO 21724 --- [meatmetrics] [           main] com.zaxxer.hikari.HikariDataSource       : HikariPool-1 - Starting...
2025-08-17T05:13:03.049+09:00  INFO 21724 --- [meatmetrics] [           main] com.zaxxer.hikari.pool.HikariPool        : HikariPool-1 - Added connection org.postgresql.jdbc.PgConnection@50de907a
2025-08-17T05:13:03.052+09:00  INFO 21724 --- [meatmetrics] [           main] com.zaxxer.hikari.HikariDataSource       : HikariPool-1 - Start completed.
2025-08-17T05:13:03.107+09:00  WARN 21724 --- [meatmetrics] [           main] org.hibernate.orm.deprecation            : HHH90000025: PostgreSQLDialect does not need to be specified explicitly using 'hibernate.dialect' (remove the property setting and it will be selected by default)
2025-08-17T05:13:03.155+09:00  INFO 21724 --- [meatmetrics] [           main] org.hibernate.orm.connections.pooling    : HHH10001005: Database info:
	Database JDBC URL [Connecting through datasource 'HikariDataSource (HikariPool-1)']
	Database driver: undefined/unknown
	Database version: 16.9
	Autocommit mode: undefined/unknown
	Isolation level: undefined/unknown
	Minimum pool size: undefined/unknown
	Maximum pool size: undefined/unknown
2025-08-17T05:13:04.005+09:00  INFO 21724 --- [meatmetrics] [           main] o.h.e.t.j.p.i.JtaPlatformInitiator       : HHH000489: No JTA platform available (set 'hibernate.transaction.jta.platform' to enable JTA platform integration)
2025-08-17T05:13:04.009+09:00  INFO 21724 --- [meatmetrics] [           main] j.LocalContainerEntityManagerFactoryBean : Initialized JPA EntityManagerFactory for persistence unit 'default'
2025-08-17T05:13:04.410+09:00 DEBUG 21724 --- [meatmetrics] [           main] s.w.s.m.m.a.RequestMappingHandlerMapping : 4 mappings in 'requestMappingHandlerMapping'
2025-08-17T05:13:04.959+09:00 DEBUG 21724 --- [meatmetrics] [           main] o.s.w.s.handler.SimpleUrlHandlerMapping  : Patterns [/webjars/**, /**] in 'resourceHandlerMapping'
2025-08-17T05:13:05.049+09:00  WARN 21724 --- [meatmetrics] [           main] .s.s.UserDetailsServiceAutoConfiguration : 

Using generated security password: 3e217046-0837-45d4-af5b-d8a22f4e6e0e

This generated password is for development use only. Your security configuration must be updated before running your application in production.

2025-08-17T05:13:05.109+09:00  INFO 21724 --- [meatmetrics] [           main] r$InitializeUserDetailsManagerConfigurer : Global AuthenticationManager configured with UserDetailsService bean with name inMemoryUserDetailsManager
2025-08-17T05:13:05.630+09:00 DEBUG 21724 --- [meatmetrics] [           main] o.s.s.web.DefaultSecurityFilterChain     : Will secure any request with filters: DisableEncodeUrlFilter, WebAsyncManagerIntegrationFilter, SecurityContextHolderFilter, HeaderWriterFilter, LogoutFilter, RequestCacheAwareFilter, SecurityContextHolderAwareRequestFilter, AnonymousAuthenticationFilter, SessionManagementFilter, ExceptionTranslationFilter, AuthorizationFilter
2025-08-17T05:13:06.464+09:00 DEBUG 21724 --- [meatmetrics] [           main] s.w.s.m.m.a.RequestMappingHandlerAdapter : ControllerAdvice beans: 0 @ModelAttribute, 0 @InitBinder, 1 RequestBodyAdvice, 1 ResponseBodyAdvice
2025-08-17T05:13:06.556+09:00 DEBUG 21724 --- [meatmetrics] [           main] .m.m.a.ExceptionHandlerExceptionResolver : ControllerAdvice beans: 1 @ExceptionHandler, 1 ResponseBodyAdvice
2025-08-17T05:13:06.989+09:00  INFO 21724 --- [meatmetrics] [           main] c.m.m.MeatmetricsApplicationTests        : Started MeatmetricsApplicationTests in 9.596 seconds (process running for 11.999)
]]></system-out>
  </testcase>
</testsuite>