<?xml version="1.0" encoding="UTF-8"?>
<testsuite xmlns:xsi="http://www.w3.org/2001/XMLSchema-instance" xsi:noNamespaceSchemaLocation="https://maven.apache.org/surefire/maven-surefire-plugin/xsd/surefire-test-report.xsd" version="3.0.2" name="com.meatmetrics.meatmetrics.auth.infrastructure.persistence.AccountRepositoryJpaImplTest" time="34.969" tests="0" errors="0" skipped="0" failures="0">
  <properties>
[...]
</properties>
  <testcase name="shouldMaintainDataIntegrityInSaveAndFind" classname="データ整合性テスト" time="1.054">
    <system-out><![CDATA[15:48:08.698 [main] INFO org.springframework.test.context.support.AnnotationConfigContextLoaderUtils -- Could not detect default configuration classes for test class [com.meatmetrics.meatmetrics.auth.infrastructure.persistence.AccountRepositoryJpaImplTest]: AccountRepositoryJpaImplTest does not declare any static, non-private, non-final, nested classes annotated with @Configuration.
15:48:10.706 [main] INFO org.springframework.boot.test.context.SpringBootTestContextBootstrapper -- Found @SpringBootConfiguration com.meatmetrics.meatmetrics.MeatmetricsApplication for test class com.meatmetrics.meatmetrics.auth.infrastructure.persistence.AccountRepositoryJpaImplTest
15:48:11.652 [main] INFO org.springframework.test.context.support.AnnotationConfigContextLoaderUtils -- Could not detect default configuration classes for test class [com.meatmetrics.meatmetrics.auth.infrastructure.persistence.AccountRepositoryJpaImplTest$DataIntegrityTests]: DataIntegrityTests does not declare any static, non-private, non-final, nested classes annotated with @Configuration.
15:48:11.660 [main] INFO org.springframework.boot.test.context.SpringBootTestContextBootstrapper -- Found @SpringBootConfiguration com.meatmetrics.meatmetrics.MeatmetricsApplication for test class com.meatmetrics.meatmetrics.auth.infrastructure.persistence.AccountRepositoryJpaImplTest$DataIntegrityTests
15:48:11.903 [main] INFO org.springframework.boot.devtools.restart.RestartApplicationListener -- Restart disabled due to context in which it is running

  .   ____          _            __ _ _
 /\\ / ___'_ __ _ _(_)_ __  __ _ \ \ \ \
( ( )\___ | '_ | '_| | '_ \/ _` | \ \ \ \
 \\/  ___)| |_)| | | | | || (_| |  ) ) ) )
  '  |____| .__|_| |_|_| |_\__, | / / / /
 =========|_|==============|___/=/_/_/_/

 :: Spring Boot ::                (v3.5.6)

2025-09-27T15:48:13.229Z  INFO 2786 --- [meatmetrics] [           main] c.m.m.a.i.p.AccountRepositoryJpaImplTest : Starting AccountRepositoryJpaImplTest using Java 21.0.8 with PID 2786 (started by root in /app)
2025-09-27T15:48:13.231Z DEBUG 2786 --- [meatmetrics] [           main] c.m.m.a.i.p.AccountRepositoryJpaImplTest : Running with Spring Boot v3.5.6, Spring v6.2.11
2025-09-27T15:48:13.232Z  INFO 2786 --- [meatmetrics] [           main] c.m.m.a.i.p.AccountRepositoryJpaImplTest : The following 1 profile is active: "integration"
2025-09-27T15:48:20.491Z  INFO 2786 --- [meatmetrics] [           main] .s.d.r.c.RepositoryConfigurationDelegate : Bootstrapping Spring Data JPA repositories in DEFAULT mode.
2025-09-27T15:48:21.535Z  INFO 2786 --- [meatmetrics] [           main] .s.d.r.c.RepositoryConfigurationDelegate : Finished Spring Data repository scanning in 1004 ms. Found 2 JPA repository interfaces.
2025-09-27T15:48:24.623Z  INFO 2786 --- [meatmetrics] [           main] com.zaxxer.hikari.HikariDataSource       : HikariPool-1 - Starting...
2025-09-27T15:48:25.318Z  INFO 2786 --- [meatmetrics] [           main] com.zaxxer.hikari.pool.HikariPool        : HikariPool-1 - Added connection org.postgresql.jdbc.PgConnection@490fbeaa
2025-09-27T15:48:25.335Z  INFO 2786 --- [meatmetrics] [           main] com.zaxxer.hikari.HikariDataSource       : HikariPool-1 - Start completed.
2025-09-27T15:48:25.519Z  INFO 2786 --- [meatmetrics] [           main] org.flywaydb.core.FlywayExecutor         : Database: jdbc:postgresql://postgres:5432/meatmetrics (PostgreSQL 16.9)
2025-09-27T15:48:26.116Z  INFO 2786 --- [meatmetrics] [           main] o.f.core.internal.command.DbValidate     : Successfully validated 14 migrations (execution time 00:00.447s)
2025-09-27T15:48:26.152Z  INFO 2786 --- [meatmetrics] [           main] o.f.core.internal.command.DbMigrate      : Current version of schema "public": 014
2025-09-27T15:48:26.157Z  INFO 2786 --- [meatmetrics] [           main] o.f.core.internal.command.DbMigrate      : Schema "public" is up to date. No migration necessary.
2025-09-27T15:48:26.934Z  INFO 2786 --- [meatmetrics] [           main] o.hibernate.jpa.internal.util.LogHelper  : HHH000204: Processing PersistenceUnitInfo [name: default]
2025-09-27T15:48:27.380Z  INFO 2786 --- [meatmetrics] [           main] org.hibernate.Version                    : HHH000412: Hibernate ORM core version 6.6.29.Final
2025-09-27T15:48:27.663Z  INFO 2786 --- [meatmetrics] [           main] o.h.c.internal.RegionFactoryInitiator    : HHH000026: Second-level cache disabled
2025-09-27T15:48:28.499Z  INFO 2786 --- [meatmetrics] [           main] o.s.o.j.p.SpringPersistenceUnitInfo      : No LoadTimeWeaver setup: ignoring JPA class transformer
2025-09-27T15:48:28.941Z  WARN 2786 --- [meatmetrics] [           main] org.hibernate.orm.deprecation            : HHH90000025: PostgreSQLDialect does not need to be specified explicitly using 'hibernate.dialect' (remove the property setting and it will be selected by default)
2025-09-27T15:48:29.127Z  INFO 2786 --- [meatmetrics] [           main] org.hibernate.orm.connections.pooling    : HHH10001005: Database info:
	Database JDBC URL [Connecting through datasource 'HikariDataSource (HikariPool-1)']
	Database driver: undefined/unknown
	Database version: 16.9
	Autocommit mode: undefined/unknown
	Isolation level: undefined/unknown
	Minimum pool size: undefined/unknown
	Maximum pool size: undefined/unknown
2025-09-27T15:48:33.506Z  INFO 2786 --- [meatmetrics] [           main] o.h.e.t.j.p.i.JtaPlatformInitiator       : HHH000489: No JTA platform available (set 'hibernate.transaction.jta.platform' to enable JTA platform integration)
2025-09-27T15:48:33.519Z  INFO 2786 --- [meatmetrics] [           main] j.LocalContainerEntityManagerFactoryBean : Initialized JPA EntityManagerFactory for persistence unit 'default'
2025-09-27T15:48:35.934Z  WARN 2786 --- [meatmetrics] [           main] JpaBaseConfiguration$JpaWebConfiguration : spring.jpa.open-in-view is enabled by default. Therefore, database queries may be performed during view rendering. Explicitly configure spring.jpa.open-in-view to disable this warning
2025-09-27T15:48:38.040Z  INFO 2786 --- [meatmetrics] [           main] o.s.b.a.e.web.EndpointLinksResolver      : Exposing 1 endpoint beneath base path '/actuator'
2025-09-27T15:48:38.145Z  WARN 2786 --- [meatmetrics] [           main] .s.s.UserDetailsServiceAutoConfiguration : 

Using generated security password: 5a240a41-77e1-49b1-8863-a9331630069d

This generated password is for development use only. Your security configuration must be updated before running your application in production.

2025-09-27T15:48:38.218Z  INFO 2786 --- [meatmetrics] [           main] r$InitializeUserDetailsManagerConfigurer : Global AuthenticationManager configured with UserDetailsService bean with name inMemoryUserDetailsManager
2025-09-27T15:48:40.196Z  INFO 2786 --- [meatmetrics] [           main] c.m.m.a.i.p.AccountRepositoryJpaImplTest : Started AccountRepositoryJpaImplTest in 28.346 seconds (process running for 52.598)
2025-09-27T15:48:40.736Z DEBUG 2786 --- [meatmetrics] [           main] org.hibernate.SQL                        : 
    insert 
    into
        users
        (created_at, email, password_hash, updated_at, username) 
    values
        (?, ?, ?, ?, ?)
Hibernate: 
    insert 
    into
        users
        (created_at, email, password_hash, updated_at, username) 
    values
        (?, ?, ?, ?, ?)
2025-09-27T15:48:41.322Z DEBUG 2786 --- [meatmetrics] [           main] org.hibernate.SQL                        : 
    select
        ae1_0.id,
        ae1_0.created_at,
        ae1_0.email,
        ae1_0.password_hash,
        ae1_0.updated_at,
        ae1_0.username 
    from
        users ae1_0 
    where
        ae1_0.email=?
Hibernate: 
    select
        ae1_0.id,
        ae1_0.created_at,
        ae1_0.email,
        ae1_0.password_hash,
        ae1_0.updated_at,
        ae1_0.username 
    from
        users ae1_0 
    where
        ae1_0.email=?
2025-09-27T15:48:41.376Z DEBUG 2786 --- [meatmetrics] [           main] org.hibernate.SQL                        : 
    select
        ae1_0.id,
        ae1_0.created_at,
        ae1_0.email,
        ae1_0.password_hash,
        ae1_0.updated_at,
        ae1_0.username 
    from
        users ae1_0 
    where
        ae1_0.username=?
Hibernate: 
    select
        ae1_0.id,
        ae1_0.created_at,
        ae1_0.email,
        ae1_0.password_hash,
        ae1_0.updated_at,
        ae1_0.username 
    from
        users ae1_0 
    where
        ae1_0.username=?
]]></system-out>
  </testcase>
  <testcase name="shouldThrowExceptionForNullEmail" classname="findByEmail メソッド" time="0.022">
    <system-out><![CDATA[2025-09-27T15:48:41.485Z  INFO 2786 --- [meatmetrics] [           main] t.c.s.AnnotationConfigContextLoaderUtils : Could not detect default configuration classes for test class [com.meatmetrics.meatmetrics.auth.infrastructure.persistence.AccountRepositoryJpaImplTest$FindByEmailMethod]: FindByEmailMethod does not declare any static, non-private, non-final, nested classes annotated with @Configuration.
2025-09-27T15:48:41.493Z  INFO 2786 --- [meatmetrics] [           main] .b.t.c.SpringBootTestContextBootstrapper : Found @SpringBootConfiguration com.meatmetrics.meatmetrics.MeatmetricsApplication for test class com.meatmetrics.meatmetrics.auth.infrastructure.persistence.AccountRepositoryJpaImplTest$FindByEmailMethod
]]></system-out>
  </testcase>
  <testcase name="shouldFindAccountByExistingEmail" classname="findByEmail メソッド" time="0.144">
    <system-out><![CDATA[2025-09-27T15:48:41.658Z DEBUG 2786 --- [meatmetrics] [           main] org.hibernate.SQL                        : 
    insert 
    into
        users
        (created_at, email, password_hash, updated_at, username) 
    values
        (?, ?, ?, ?, ?)
Hibernate: 
    insert 
    into
        users
        (created_at, email, password_hash, updated_at, username) 
    values
        (?, ?, ?, ?, ?)
2025-09-27T15:48:41.663Z DEBUG 2786 --- [meatmetrics] [           main] org.hibernate.SQL                        : 
    select
        ae1_0.id,
        ae1_0.created_at,
        ae1_0.email,
        ae1_0.password_hash,
        ae1_0.updated_at,
        ae1_0.username 
    from
        users ae1_0 
    where
        ae1_0.email=?
Hibernate: 
    select
        ae1_0.id,
        ae1_0.created_at,
        ae1_0.email,
        ae1_0.password_hash,
        ae1_0.updated_at,
        ae1_0.username 
    from
        users ae1_0 
    where
        ae1_0.email=?
]]></system-out>
  </testcase>
  <testcase name="shouldReturnEmptyForNonExistentEmail" classname="findByEmail メソッド" time="0.019">
    <system-out><![CDATA[2025-09-27T15:48:41.683Z DEBUG 2786 --- [meatmetrics] [           main] org.hibernate.SQL                        : 
    select
        ae1_0.id,
        ae1_0.created_at,
        ae1_0.email,
        ae1_0.password_hash,
        ae1_0.updated_at,
        ae1_0.username 
    from
        users ae1_0 
    where
        ae1_0.email=?
Hibernate: 
    select
        ae1_0.id,
        ae1_0.created_at,
        ae1_0.email,
        ae1_0.password_hash,
        ae1_0.updated_at,
        ae1_0.username 
    from
        users ae1_0 
    where
        ae1_0.email=?
]]></system-out>
  </testcase>
  <testcase name="shouldReturnEmptyForNonExistentId" classname="findById メソッド" time="0.026">
    <system-out><![CDATA[2025-09-27T15:48:41.741Z  INFO 2786 --- [meatmetrics] [           main] t.c.s.AnnotationConfigContextLoaderUtils : Could not detect default configuration classes for test class [com.meatmetrics.meatmetrics.auth.infrastructure.persistence.AccountRepositoryJpaImplTest$FindByIdMethod]: FindByIdMethod does not declare any static, non-private, non-final, nested classes annotated with @Configuration.
2025-09-27T15:48:41.750Z  INFO 2786 --- [meatmetrics] [           main] .b.t.c.SpringBootTestContextBootstrapper : Found @SpringBootConfiguration com.meatmetrics.meatmetrics.MeatmetricsApplication for test class com.meatmetrics.meatmetrics.auth.infrastructure.persistence.AccountRepositoryJpaImplTest$FindByIdMethod
2025-09-27T15:48:41.782Z DEBUG 2786 --- [meatmetrics] [           main] org.hibernate.SQL                        : 
    select
        ae1_0.id,
        ae1_0.created_at,
        ae1_0.email,
        ae1_0.password_hash,
        ae1_0.updated_at,
        ae1_0.username 
    from
        users ae1_0 
    where
        ae1_0.id=?
Hibernate: 
    select
        ae1_0.id,
        ae1_0.created_at,
        ae1_0.email,
        ae1_0.password_hash,
        ae1_0.updated_at,
        ae1_0.username 
    from
        users ae1_0 
    where
        ae1_0.id=?
]]></system-out>
  </testcase>
  <testcase name="shouldThrowExceptionForNullId" classname="findById メソッド" time="0.014"/>
  <testcase name="shouldFindAccountByExistingId" classname="findById メソッド" time="0.167">
    <system-out><![CDATA[2025-09-27T15:48:41.971Z DEBUG 2786 --- [meatmetrics] [           main] org.hibernate.SQL                        : 
    insert 
    into
        users
        (created_at, email, password_hash, updated_at, username) 
    values
        (?, ?, ?, ?, ?)
Hibernate: 
    insert 
    into
        users
        (created_at, email, password_hash, updated_at, username) 
    values
        (?, ?, ?, ?, ?)
]]></system-out>
  </testcase>
  <testcase name="shouldThrowExceptionForNullUsername" classname="findByUsername メソッド" time="0.008">
    <system-out><![CDATA[2025-09-27T15:48:42.009Z  INFO 2786 --- [meatmetrics] [           main] t.c.s.AnnotationConfigContextLoaderUtils : Could not detect default configuration classes for test class [com.meatmetrics.meatmetrics.auth.infrastructure.persistence.AccountRepositoryJpaImplTest$FindByUsernameMethod]: FindByUsernameMethod does not declare any static, non-private, non-final, nested classes annotated with @Configuration.
2025-09-27T15:48:42.017Z  INFO 2786 --- [meatmetrics] [           main] .b.t.c.SpringBootTestContextBootstrapper : Found @SpringBootConfiguration com.meatmetrics.meatmetrics.MeatmetricsApplication for test class com.meatmetrics.meatmetrics.auth.infrastructure.persistence.AccountRepositoryJpaImplTest$FindByUsernameMethod
]]></system-out>
  </testcase>
  <testcase name="shouldReturnEmptyForNonExistentUsername" classname="findByUsername メソッド" time="0.011">
    <system-out><![CDATA[2025-09-27T15:48:42.043Z DEBUG 2786 --- [meatmetrics] [           main] org.hibernate.SQL                        : 
    select
        ae1_0.id,
        ae1_0.created_at,
        ae1_0.email,
        ae1_0.password_hash,
        ae1_0.updated_at,
        ae1_0.username 
    from
        users ae1_0 
    where
        ae1_0.username=?
Hibernate: 
    select
        ae1_0.id,
        ae1_0.created_at,
        ae1_0.email,
        ae1_0.password_hash,
        ae1_0.updated_at,
        ae1_0.username 
    from
        users ae1_0 
    where
        ae1_0.username=?
]]></system-out>
  </testcase>
  <testcase name="shouldFindAccountByExistingUsername" classname="findByUsername メソッド" time="0.148">
    <system-out><![CDATA[2025-09-27T15:48:42.185Z DEBUG 2786 --- [meatmetrics] [           main] org.hibernate.SQL                        : 
    insert 
    into
        users
        (created_at, email, password_hash, updated_at, username) 
    values
        (?, ?, ?, ?, ?)
Hibernate: 
    insert 
    into
        users
        (created_at, email, password_hash, updated_at, username) 
    values
        (?, ?, ?, ?, ?)
2025-09-27T15:48:42.191Z DEBUG 2786 --- [meatmetrics] [           main] org.hibernate.SQL                        : 
    select
        ae1_0.id,
        ae1_0.created_at,
        ae1_0.email,
        ae1_0.password_hash,
        ae1_0.updated_at,
        ae1_0.username 
    from
        users ae1_0 
    where
        ae1_0.username=?
Hibernate: 
    select
        ae1_0.id,
        ae1_0.created_at,
        ae1_0.email,
        ae1_0.password_hash,
        ae1_0.updated_at,
        ae1_0.username 
    from
        users ae1_0 
    where
        ae1_0.username=?
]]></system-out>
  </testcase>
  <testcase name="shouldThrowExceptionForNullAccount" classname="save メソッド" time="0.009">
    <system-out><![CDATA[2025-09-27T15:48:42.233Z  INFO 2786 --- [meatmetrics] [           main] t.c.s.AnnotationConfigContextLoaderUtils : Could not detect default configuration classes for test class [com.meatmetrics.meatmetrics.auth.infrastructure.persistence.AccountRepositoryJpaImplTest$SaveMethod]: SaveMethod does not declare any static, non-private, non-final, nested classes annotated with @Configuration.
2025-09-27T15:48:42.239Z  INFO 2786 --- [meatmetrics] [           main] .b.t.c.SpringBootTestContextBootstrapper : Found @SpringBootConfiguration com.meatmetrics.meatmetrics.MeatmetricsApplication for test class com.meatmetrics.meatmetrics.auth.infrastructure.persistence.AccountRepositoryJpaImplTest$SaveMethod
]]></system-out>
  </testcase>
  <testcase name="shouldSaveNewAccount" classname="save メソッド" time="0.133">
    <system-out><![CDATA[2025-09-27T15:48:42.382Z DEBUG 2786 --- [meatmetrics] [           main] org.hibernate.SQL                        : 
    insert 
    into
        users
        (created_at, email, password_hash, updated_at, username) 
    values
        (?, ?, ?, ?, ?)
Hibernate: 
    insert 
    into
        users
        (created_at, email, password_hash, updated_at, username) 
    values
        (?, ?, ?, ?, ?)
]]></system-out>
  </testcase>
  <testcase name="shouldUpdateExistingAccount" classname="save メソッド" time="0.359">
    <system-out><![CDATA[2025-09-27T15:48:42.529Z DEBUG 2786 --- [meatmetrics] [           main] org.hibernate.SQL                        : 
    insert 
    into
        users
        (created_at, email, password_hash, updated_at, username) 
    values
        (?, ?, ?, ?, ?)
Hibernate: 
    insert 
    into
        users
        (created_at, email, password_hash, updated_at, username) 
    values
        (?, ?, ?, ?, ?)
]]></system-out>
  </testcase>
  <testcase name="shouldThrowExceptionForDuplicateUsername" classname="一意性制約テスト" time="0.22">
    <system-out><![CDATA[2025-09-27T15:48:42.796Z  INFO 2786 --- [meatmetrics] [           main] t.c.s.AnnotationConfigContextLoaderUtils : Could not detect default configuration classes for test class [com.meatmetrics.meatmetrics.auth.infrastructure.persistence.AccountRepositoryJpaImplTest$UniquenessConstraints]: UniquenessConstraints does not declare any static, non-private, non-final, nested classes annotated with @Configuration.
2025-09-27T15:48:42.802Z  INFO 2786 --- [meatmetrics] [           main] .b.t.c.SpringBootTestContextBootstrapper : Found @SpringBootConfiguration com.meatmetrics.meatmetrics.MeatmetricsApplication for test class com.meatmetrics.meatmetrics.auth.infrastructure.persistence.AccountRepositoryJpaImplTest$UniquenessConstraints
2025-09-27T15:48:42.927Z DEBUG 2786 --- [meatmetrics] [           main] org.hibernate.SQL                        : 
    insert 
    into
        users
        (created_at, email, password_hash, updated_at, username) 
    values
        (?, ?, ?, ?, ?)
Hibernate: 
    insert 
    into
        users
        (created_at, email, password_hash, updated_at, username) 
    values
        (?, ?, ?, ?, ?)
2025-09-27T15:48:42.931Z DEBUG 2786 --- [meatmetrics] [           main] org.hibernate.SQL                        : 
    insert 
    into
        users
        (created_at, email, password_hash, updated_at, username) 
    values
        (?, ?, ?, ?, ?)
Hibernate: 
    insert 
    into
        users
        (created_at, email, password_hash, updated_at, username) 
    values
        (?, ?, ?, ?, ?)
2025-09-27T15:48:42.978Z  WARN 2786 --- [meatmetrics] [           main] o.h.engine.jdbc.spi.SqlExceptionHelper   : SQL Error: 0, SQLState: 23505
2025-09-27T15:48:42.979Z ERROR 2786 --- [meatmetrics] [           main] o.h.engine.jdbc.spi.SqlExceptionHelper   : ERROR: duplicate key value violates unique constraint "users_username_key"
  Detail: Key (username)=(duplicateuser) already exists.
]]></system-out>
  </testcase>
  <testcase name="shouldThrowExceptionForDuplicateEmail" classname="一意性制約テスト" time="0.12">
    <system-out><![CDATA[2025-09-27T15:48:43.141Z DEBUG 2786 --- [meatmetrics] [           main] org.hibernate.SQL                        : 
    insert 
    into
        users
        (created_at, email, password_hash, updated_at, username) 
    values
        (?, ?, ?, ?, ?)
Hibernate: 
    insert 
    into
        users
        (created_at, email, password_hash, updated_at, username) 
    values
        (?, ?, ?, ?, ?)
2025-09-27T15:48:43.147Z DEBUG 2786 --- [meatmetrics] [           main] org.hibernate.SQL                        : 
    insert 
    into
        users
        (created_at, email, password_hash, updated_at, username) 
    values
        (?, ?, ?, ?, ?)
Hibernate: 
    insert 
    into
        users
        (created_at, email, password_hash, updated_at, username) 
    values
        (?, ?, ?, ?, ?)
2025-09-27T15:48:43.149Z  WARN 2786 --- [meatmetrics] [           main] o.h.engine.jdbc.spi.SqlExceptionHelper   : SQL Error: 0, SQLState: 23505
2025-09-27T15:48:43.149Z ERROR 2786 --- [meatmetrics] [           main] o.h.engine.jdbc.spi.SqlExceptionHelper   : ERROR: duplicate key value violates unique constraint "users_email_key"
  Detail: Key (email)=(duplicate@example.com) already exists.
]]></system-out>
  </testcase>
</testsuite>